0 verbose cli /Users/saidibenariba/.nvm/versions/node/v22.20.0/bin/node /Users/saidibenariba/.nvm/versions/node/v22.20.0/bin/npm
1 info using npm@10.9.3
2 info using node@v22.20.0
3 silly config load:file:/Users/saidibenariba/.nvm/versions/node/v22.20.0/lib/node_modules/npm/npmrc
4 silly config load:file:/Users/saidibenariba/dev/nextjs-starter-kit/.npmrc
5 silly config load:file:/Users/saidibenariba/.npmrc
6 silly config load:file:/Users/saidibenariba/.nvm/versions/node/v22.20.0/etc/npmrc
7 verbose title npm run dev
8 verbose argv "run" "dev"
9 verbose logfile logs-max:10 dir:/Users/saidibenariba/dev/nextjs-starter-kit/.npm/_logs/2025-11-13T20_56_22_686Z-
10 verbose logfile /Users/saidibenariba/dev/nextjs-starter-kit/.npm/_logs/2025-11-13T20_56_22_686Z-debug-0.log
11 silly logfile start cleaning logs, removing 1 files
12 silly logfile done cleaning log files
13 http fetch GET 200 https://registry.npmjs.org/npm 563ms
14 verbose cwd /Users/saidibenariba/dev/nextjs-starter-kit
15 verbose os Darwin 25.1.0
16 verbose node v22.20.0
17 verbose npm  v10.9.3
18 notice
18 notice New [31mmajor[39m version of npm available! [31m10.9.3[39m -> [34m11.6.2[39m
18 notice Changelog: [34mhttps://github.com/npm/cli/releases/tag/v11.6.2[39m
18 notice To update run: [4mnpm install -g npm@11.6.2[24m
18 notice  { force: true, [Symbol(proc-log.meta)]: true }
19 verbose exit 0
20 info ok
